best neighborhoods to stay in Seoul for first timers
Korean spa and jjimjilbang guide for foreigners
how to buy K-pop merchandise in Korea
must try Korean breakfast foods
Busan one day itinerary for tourists
Korean age system explained for foreigners
best K-drama filming locations to visit in Seoul
top Korean fried chicken restaurants in Seoul
how to get T-money card in Seoul complete guide
Incheon Airport to Seoul transportation guide bus subway KTX
Korea airport luggage storage and delivery service guide
how to use Seoul subway system for first time visitors
how to exchange currency in Korea best rates and tips
essential apps to download before visiting Korea 2026
how to book KTX and train tickets in Korea
Korean convenience store guide GS25 CU 7-Eleven for tourists
how to use Korean ATMs with foreign cards
how to get tax refund on shopping in Korea
Korea electricity voltage and power adapter guide
how to use Kakao T taxi app in Korea
tipping culture in Korea what tourists need to know
